<?xml version="1.0" encoding="UTF-8"?>
<testng-results ignored="0" total="2" passed="2" failed="0" skipped="0">
  <reporter-output>
  </reporter-output>
  <suite started-at="2023-07-24T21:38:02 IST" name="Default suite" finished-at="2023-07-24T21:38:17 IST" duration-ms="15147">
    <groups>
    </groups>
    <test started-at="2023-07-24T21:38:02 IST" name="Default test" finished-at="2023-07-24T21:38:17 IST" duration-ms="15147">
      <class name="basicrequest.swaggerPostGetInOne">
        <test-method signature="postUser()[pri:1, instance:basicrequest.swaggerPostGetInOne@62150f9e]" started-at="2023-07-24T21:38:02 IST" name="postUser" finished-at="2023-07-24T21:38:13 IST" duration-ms="11223" status="PASS">
          <reporter-output>
          </reporter-output>
        </test-method> <!-- postUser -->
        <test-method signature="getUser()[pri:2, instance:basicrequest.swaggerPostGetInOne@62150f9e]" started-at="2023-07-24T21:38:13 IST" name="getUser" finished-at="2023-07-24T21:38:17 IST" duration-ms="3829" status="PASS">
          <reporter-output>
          </reporter-output>
        </test-method> <!-- getUser -->
      </class> <!-- basicrequest.swaggerPostGetInOne -->
    </test> <!-- Default test -->
  </suite> <!-- Default suite -->
</testng-results>
